2025-11-05T17:54:35+05:30	INFO	controller/product_controller.go:24	Fetching all products
2025-11-05T17:54:59+05:30	INFO	controller/product_controller.go:39	Fetching product by ID
2025-11-05T17:55:16+05:30	INFO	controller/product_controller.go:24	Fetching all products
2025-11-05T17:57:00+05:30	INFO	controller/product_controller.go:24	Fetching all products
2025-11-05T17:57:03+05:30	INFO	controller/product_controller.go:24	Fetching all products
2025-11-05T17:57:05+05:30	INFO	controller/product_controller.go:24	Fetching all products
2025-11-05T17:57:09+05:30	INFO	controller/product_controller.go:24	Fetching all products
2025-11-05T17:57:15+05:30	INFO	controller/product_controller.go:24	Fetching all products
2025-11-05T17:57:16+05:30	INFO	controller/product_controller.go:24	Fetching all products
2025-11-05T17:57:55+05:30	INFO	controller/product_controller.go:24	Fetching all products
2025-11-05T17:58:35+05:30	INFO	controller/payment_controller.go:24	Fetching payment Order ID's
2025-11-05T17:58:51+05:30	INFO	controller/payment_controller.go:24	Fetching payment Order ID's
2025-11-05T17:58:56+05:30	INFO	controller/payment_controller.go:24	Fetching payment Order ID's
2025-11-05T17:59:28+05:30	INFO	controller/product_controller.go:24	Fetching all products
2025-11-05T17:59:31+05:30	INFO	controller/product_controller.go:39	Fetching product by ID
2025-11-05T17:59:31+05:30	INFO	controller/product_controller.go:59	Product fetched succcessfully
2025-11-05T18:00:03+05:30	INFO	controller/product_controller.go:39	Fetching product by ID
2025-11-05T18:00:03+05:30	INFO	controller/product_controller.go:59	Product fetched succcessfully
2025-11-05T18:00:26+05:30	INFO	controller/product_controller.go:24	Fetching all products
2025-11-05T18:06:46+05:30	INFO	controller/product_controller.go:39	Fetching product by ID
2025-11-05T18:06:46+05:30	INFO	controller/product_controller.go:59	Product fetched succcessfully
2025-11-05T18:07:38+05:30	INFO	controller/product_controller.go:24	Fetching all products
2025-11-05T18:12:52+05:30	INFO	controller/product_controller.go:24	Fetching all products
2025-11-05T22:30:52+05:30	INFO	controller/product_controller.go:24	Fetching all products
2025-11-05T22:30:52+05:30	INFO	controller/product_controller.go:34	Products fetched successfully
2025-11-05T22:33:58+05:30	INFO	controller/product_controller.go:39	Fetching product by ID
2025-11-05T22:33:58+05:30	INFO	controller/product_controller.go:59	Product fetched succcessfully
2025-11-05T22:36:56+05:30	INFO	controller/product_controller.go:24	Fetching all products
2025-11-05T22:36:56+05:30	INFO	controller/product_controller.go:34	Products fetched successfully
2025-11-05T22:38:54+05:30	INFO	controller/product_controller.go:24	Fetching all products
2025-11-05T22:38:54+05:30	INFO	controller/product_controller.go:34	Products fetched successfully
2025-11-05T22:39:18+05:30	INFO	controller/payment_controller.go:24	Fetching payment Order ID's
2025-11-05T22:39:34+05:30	INFO	controller/payment_controller.go:24	Fetching payment Order ID's
2025-11-05T22:44:54+05:30	INFO	controller/product_controller.go:24	Fetching all products
2025-11-05T22:44:54+05:30	INFO	controller/product_controller.go:34	Products fetched successfully
2025-11-05T22:46:54+05:30	INFO	controller/product_controller.go:24	Fetching all products
2025-11-05T22:46:54+05:30	INFO	controller/product_controller.go:34	Products fetched successfully
2025-11-05T22:47:51+05:30	INFO	controller/cart_controller.go:24	Fetching User Cart
2025-11-05T22:48:35+05:30	INFO	controller/cart_controller.go:24	Fetching User Cart
2025-11-05T23:02:10+05:30	INFO	controller/product_controller.go:24	Fetching all products
2025-11-05T23:02:10+05:30	INFO	controller/product_controller.go:34	Products fetched successfully
2025-11-05T23:02:28+05:30	INFO	controller/product_controller.go:24	Fetching all products
2025-11-05T23:02:28+05:30	INFO	controller/product_controller.go:34	Products fetched successfully
2025-11-05T23:03:26+05:30	INFO	controller/payment_controller.go:24	Fetching payment Order ID's
2025-11-05T23:03:38+05:30	INFO	controller/payment_controller.go:24	Fetching payment Order ID's
2025-11-05T23:03:40+05:30	INFO	controller/payment_controller.go:24	Fetching payment Order ID's
2025-11-05T23:06:11+05:30	INFO	controller/product_controller.go:24	Fetching all products
2025-11-05T23:06:11+05:30	INFO	controller/product_controller.go:34	Products fetched successfully
2025-11-05T23:06:13+05:30	INFO	controller/product_controller.go:39	Fetching product by ID
2025-11-05T23:06:13+05:30	INFO	controller/product_controller.go:59	Product fetched succcessfully
2025-11-05T23:06:18+05:30	INFO	controller/product_controller.go:39	Fetching product by ID
2025-11-05T23:06:18+05:30	INFO	controller/product_controller.go:59	Product fetched succcessfully
2025-11-05T23:06:51+05:30	INFO	controller/payment_controller.go:24	Fetching payment Order ID's
2025-11-05T23:06:51+05:30	INFO	controller/payment_controller.go:54	Payments fetched successfully
2025-11-05T23:07:13+05:30	INFO	controller/payment_controller.go:24	Fetching payment Order ID's
2025-11-05T23:07:13+05:30	INFO	controller/payment_controller.go:54	Payments fetched successfully
2025-11-05T23:08:19+05:30	INFO	controller/cart_controller.go:24	Fetching User Cart
2025-11-05T23:08:30+05:30	INFO	controller/cart_controller.go:24	Fetching User Cart
