2025-11-06T00:17:51+05:30	INFO	controller/cart_controller.go:24	Fetching User Cart
2025-11-06T00:19:32+05:30	INFO	controller/cart_controller.go:24	Fetching User Cart
2025-11-06T00:19:32+05:30	ERROR	repository/cart_repository.go:37	Error retrieving the cart
2025-11-06T00:24:37+05:30	INFO	controller/cart_controller.go:24	Fetching User Cart
2025-11-06T00:24:37+05:30	ERROR	repository/cart_repository.go:37	Error retrieving the cart
2025-11-06T00:27:08+05:30	INFO	controller/cart_controller.go:24	Fetching User Cart
2025-11-06T00:27:08+05:30	ERROR	repository/cart_repository.go:37	Error retrieving the cart
2025-11-06T00:28:38+05:30	INFO	controller/product_controller.go:24	Fetching all products
2025-11-06T00:28:38+05:30	INFO	controller/product_controller.go:34	Products fetched successfully
2025-11-06T00:29:04+05:30	INFO	controller/product_controller.go:24	Fetching all products
2025-11-06T00:29:04+05:30	INFO	controller/product_controller.go:34	Products fetched successfully
2025-11-06T00:29:07+05:30	INFO	controller/cart_controller.go:24	Fetching User Cart
2025-11-06T00:29:07+05:30	ERROR	repository/cart_repository.go:37	Error retrieving the cart
2025-11-06T00:29:16+05:30	INFO	controller/cart_controller.go:24	Fetching User Cart
2025-11-06T00:29:16+05:30	ERROR	repository/cart_repository.go:37	Error retrieving the cart
2025-11-06T00:29:33+05:30	INFO	controller/cart_controller.go:24	Fetching User Cart
2025-11-06T00:29:33+05:30	ERROR	repository/cart_repository.go:37	Error retrieving the cart
2025-11-06T00:29:33+05:30	INFO	controller/cart_controller.go:24	Fetching User Cart
2025-11-06T00:29:34+05:30	ERROR	repository/cart_repository.go:37	Error retrieving the cart
2025-11-06T00:33:48+05:30	INFO	controller/cart_controller.go:24	Fetching User Cart
2025-11-06T00:33:48+05:30	ERROR	repository/cart_repository.go:37	Error retrieving the cart
2025-11-06T00:34:51+05:30	INFO	controller/cart_controller.go:24	Fetching User Cart
2025-11-06T00:34:51+05:30	INFO	repository/cart_repository.go:40	Successfully retrieved user cart
2025-11-06T00:34:51+05:30	INFO	controller/cart_controller.go:46	User cart fetched successfully
2025-11-06T00:36:03+05:30	INFO	controller/product_controller.go:24	Fetching all products
2025-11-06T00:36:03+05:30	INFO	controller/product_controller.go:34	Products fetched successfully
2025-11-06T11:20:16+05:30	INFO	controller/product_controller.go:24	Fetching all products
2025-11-06T11:20:16+05:30	INFO	controller/product_controller.go:34	Products fetched successfully
2025-11-06T11:20:23+05:30	INFO	controller/product_controller.go:39	Fetching product by ID
2025-11-06T11:20:23+05:30	INFO	controller/product_controller.go:59	Product fetched succcessfully
2025-11-06T11:20:37+05:30	INFO	controller/product_controller.go:24	Fetching all products
2025-11-06T11:20:37+05:30	INFO	controller/product_controller.go:34	Products fetched successfully
2025-11-06T11:20:44+05:30	INFO	controller/order_controller.go:62	Fetching orders by user
2025-11-06T11:27:19+05:30	INFO	controller/order_controller.go:62	Fetching orders by user
2025-11-06T11:27:19+05:30	INFO	controller/order_controller.go:98	Orders fetched successfully
2025-11-06T11:32:11+05:30	INFO	controller/order_controller.go:62	Fetching orders by user
2025-11-06T11:32:11+05:30	INFO	controller/order_controller.go:98	Orders fetched successfully
2025-11-06T11:32:34+05:30	INFO	controller/order_controller.go:62	Fetching orders by user
2025-11-06T11:32:34+05:30	INFO	controller/order_controller.go:98	Orders fetched successfully
2025-11-06T11:53:02+05:30	INFO	controller/order_controller.go:62	Fetching orders by user
2025-11-06T11:53:02+05:30	INFO	controller/order_controller.go:98	Orders fetched successfully
2025-11-06T11:53:10+05:30	INFO	controller/order_controller.go:62	Fetching orders by user
2025-11-06T11:53:10+05:30	INFO	controller/order_controller.go:98	Orders fetched successfully
2025-11-06T11:53:48+05:30	ERROR	auth/middleware.go:30	Missing or invalid Authorization header	{"endpoint": "/orders/user/1"}
2025-11-06T11:53:49+05:30	ERROR	auth/middleware.go:30	Missing or invalid Authorization header	{"endpoint": "/orders/user/1"}
2025-11-06T12:54:30+05:30	ERROR	auth/middleware.go:30	Missing or invalid Authorization header	{"endpoint": "/products/"}
2025-11-06T12:55:16+05:30	ERROR	auth/middleware.go:30	Missing or invalid Authorization header	{"endpoint": "/products/"}
2025-11-06T12:57:17+05:30	ERROR	auth/middleware.go:30	Missing or invalid Authorization header	{"endpoint": "/products/"}
2025-11-06T12:57:37+05:30	ERROR	auth/middleware.go:30	Missing or invalid Authorization header	{"endpoint": "/products/"}
2025-11-06T13:06:32+05:30	ERROR	auth/middleware.go:30	Missing or invalid Authorization header	{"endpoint": "/products/"}
2025-11-06T13:06:34+05:30	ERROR	auth/middleware.go:30	Missing or invalid Authorization header	{"endpoint": "/products/"}
2025-11-06T13:07:21+05:30	INFO	controller/product_controller.go:24	Fetching all products
2025-11-06T13:07:21+05:30	INFO	controller/product_controller.go:34	Products fetched successfully
2025-11-06T13:08:17+05:30	ERROR	auth/middleware.go:30	Missing or invalid Authorization header	{"endpoint": "/cart/1"}
2025-11-06T13:09:36+05:30	ERROR	auth/middleware.go:30	Missing or invalid Authorization header	{"endpoint": "/orders/user/1"}
2025-11-06T13:28:12+05:30	ERROR	auth/middleware.go:43	Token Introspect Error	{"endpoint": "/cart/1", "error": "Post \"/realms//protocol/openid-connect/token/introspect\": unsupported protocol scheme \"\""}
2025-11-06T13:29:15+05:30	INFO	controller/product_controller.go:24	Fetching all products
2025-11-06T13:29:15+05:30	INFO	controller/product_controller.go:34	Products fetched successfully
2025-11-06T13:30:01+05:30	ERROR	auth/middleware.go:30	Missing or invalid Authorization header	{"endpoint": "/products/"}
2025-11-06T13:30:09+05:30	ERROR	auth/middleware.go:43	Token Introspect Error	{"endpoint": "/products/", "error": "Post \"/realms//protocol/openid-connect/token/introspect\": unsupported protocol scheme \"\""}
2025-11-06T14:12:03+05:30	ERROR	auth/middleware.go:30	Missing or invalid Authorization header	{"endpoint": "/products/"}
2025-11-06T15:42:45+05:30	ERROR	auth/middleware.go:30	Missing or invalid Authorization header	{"endpoint": "/orders/user/1"}
2025-11-06T15:44:58+05:30	ERROR	auth/middleware.go:30	Missing or invalid Authorization header	{"endpoint": "/products/\n"}
2025-11-06T15:45:12+05:30	ERROR	auth/middleware.go:43	Token Introspect Error	{"endpoint": "/products/\n", "error": "Post \"/realms//protocol/openid-connect/token/introspect\": unsupported protocol scheme \"\""}
2025-11-06T15:47:45+05:30	ERROR	auth/middleware.go:43	Token Introspect Error	{"endpoint": "/products/\n", "error": "Post \"/realms//protocol/openid-connect/token/introspect\": unsupported protocol scheme \"\""}
2025-11-06T15:48:09+05:30	ERROR	auth/middleware.go:43	Token Introspect Error	{"endpoint": "/products/\n", "error": "Post \"/realms//protocol/openid-connect/token/introspect\": unsupported protocol scheme \"\""}
2025-11-06T15:48:15+05:30	ERROR	auth/middleware.go:43	Token Introspect Error	{"endpoint": "/products/\n", "error": "Post \"/realms//protocol/openid-connect/token/introspect\": unsupported protocol scheme \"\""}
2025-11-06T15:48:17+05:30	ERROR	auth/middleware.go:43	Token Introspect Error	{"endpoint": "/products/\n", "error": "Post \"/realms//protocol/openid-connect/token/introspect\": unsupported protocol scheme \"\""}
2025-11-06T15:48:20+05:30	ERROR	auth/middleware.go:43	Token Introspect Error	{"endpoint": "/products/\n", "error": "Post \"/realms//protocol/openid-connect/token/introspect\": unsupported protocol scheme \"\""}
2025-11-06T15:48:47+05:30	ERROR	auth/middleware.go:43	Token Introspect Error	{"endpoint": "/products/\n", "error": "Post \"/realms//protocol/openid-connect/token/introspect\": unsupported protocol scheme \"\""}
2025-11-06T15:54:37+05:30	ERROR	auth/middleware.go:43	Token Introspect Error	{"endpoint": "/products/\n", "error": "Post \"/realms//protocol/openid-connect/token/introspect\": unsupported protocol scheme \"\""}
2025-11-06T15:57:57+05:30	ERROR	auth/middleware.go:43	Token Introspect Error	{"endpoint": "/products/\n", "error": "Post \"/realms//protocol/openid-connect/token/introspect\": unsupported protocol scheme \"\""}
2025-11-06T15:59:58+05:30	ERROR	auth/middleware.go:43	Token Introspect Error	{"endpoint": "/products/\n", "error": "Post \"/realms//protocol/openid-connect/token/introspect\": unsupported protocol scheme \"\""}
2025-11-06T16:00:14+05:30	ERROR	auth/middleware.go:30	Missing or invalid Authorization header	{"endpoint": "/products/"}
2025-11-06T16:01:13+05:30	ERROR	auth/middleware.go:43	Token Introspect Error	{"endpoint": "/products/\n", "error": "Post \"/realms//protocol/openid-connect/token/introspect\": unsupported protocol scheme \"\""}
2025-11-06T16:05:03+05:30	ERROR	auth/middleware.go:43	Token Introspect Error	{"endpoint": "/products/\n", "error": "Post \"/realms//protocol/openid-connect/token/introspect\": unsupported protocol scheme \"\""}
2025-11-06T16:05:15+05:30	ERROR	auth/middleware.go:43	Token Introspect Error	{"endpoint": "/products/\n", "error": "Post \"/realms//protocol/openid-connect/token/introspect\": unsupported protocol scheme \"\""}
2025-11-06T16:09:25+05:30	ERROR	auth/middleware.go:43	Token Introspect Error	{"endpoint": "/products/\n", "error": "Post \"/realms//protocol/openid-connect/token/introspect\": unsupported protocol scheme \"\""}
2025-11-06T16:14:43+05:30	ERROR	auth/middleware.go:53	Token is invalid or revoked!	{"endpoint": "/products/\n"}
2025-11-06T16:15:11+05:30	ERROR	auth/middleware.go:53	Token is invalid or revoked!	{"endpoint": "/products/\n"}
2025-11-06T16:16:33+05:30	ERROR	auth/middleware.go:53	Token is invalid or revoked!	{"endpoint": "/products/\n"}
2025-11-06T16:17:19+05:30	INFO	controller/product_controller.go:39	Fetching product by ID
2025-11-06T16:17:31+05:30	INFO	controller/product_controller.go:39	Fetching product by ID
2025-11-06T16:17:37+05:30	INFO	controller/product_controller.go:39	Fetching product by ID
2025-11-06T17:01:22+05:30	ERROR	auth/middleware.go:53	Token is invalid or revoked!	{"endpoint": "/products/\n"}
2025-11-06T17:01:28+05:30	ERROR	auth/middleware.go:53	Token is invalid or revoked!	{"endpoint": "/products/\n"}
2025-11-06T17:03:57+05:30	ERROR	auth/middleware.go:53	Token is invalid or revoked!	{"endpoint": "/products/\n"}
2025-11-06T17:04:00+05:30	ERROR	auth/middleware.go:53	Token is invalid or revoked!	{"endpoint": "/products/\n"}
2025-11-06T17:04:02+05:30	ERROR	auth/middleware.go:53	Token is invalid or revoked!	{"endpoint": "/products/\n"}
2025-11-06T17:04:50+05:30	INFO	controller/product_controller.go:39	Fetching product by ID
2025-11-06T17:06:17+05:30	INFO	controller/product_controller.go:39	Fetching product by ID
2025-11-06T17:10:21+05:30	ERROR	auth/middleware.go:53	Token is invalid or revoked!	{"endpoint": "/products/\n"}
2025-11-06T17:10:56+05:30	INFO	controller/product_controller.go:40	Fetching product by ID
2025-11-06T17:11:00+05:30	INFO	controller/product_controller.go:40	Fetching product by ID
2025-11-06T17:11:00+05:30	INFO	controller/product_controller.go:71	Product fetched succcessfully
2025-11-06T17:11:12+05:30	INFO	controller/product_controller.go:40	Fetching product by ID
2025-11-06T17:11:12+05:30	INFO	controller/product_controller.go:71	Product fetched succcessfully
2025-11-06T17:13:52+05:30	INFO	controller/product_controller.go:40	Fetching product by ID
2025-11-06T17:13:56+05:30	INFO	controller/product_controller.go:40	Fetching product by ID
2025-11-06T17:13:56+05:30	INFO	controller/product_controller.go:71	Product fetched succcessfully
2025-11-06T17:16:11+05:30	INFO	controller/product_controller.go:40	Fetching product by ID
2025-11-06T17:16:11+05:30	INFO	controller/product_controller.go:71	Product fetched succcessfully
2025-11-06T17:16:18+05:30	INFO	controller/product_controller.go:40	Fetching product by ID
2025-11-06T17:17:41+05:30	INFO	controller/product_controller.go:40	Fetching product by ID
2025-11-06T17:17:41+05:30	INFO	controller/product_controller.go:71	Product fetched succcessfully
2025-11-06T17:17:44+05:30	INFO	controller/product_controller.go:40	Fetching product by ID
2025-11-06T17:17:44+05:30	INFO	controller/product_controller.go:71	Product fetched succcessfully
2025-11-06T17:17:47+05:30	INFO	controller/product_controller.go:40	Fetching product by ID
2025-11-06T17:17:47+05:30	INFO	controller/product_controller.go:71	Product fetched succcessfully
2025-11-06T17:17:50+05:30	INFO	controller/product_controller.go:40	Fetching product by ID
2025-11-06T17:17:50+05:30	INFO	controller/product_controller.go:71	Product fetched succcessfully
2025-11-06T17:17:54+05:30	INFO	controller/product_controller.go:40	Fetching product by ID
2025-11-06T17:17:54+05:30	INFO	controller/product_controller.go:71	Product fetched succcessfully
2025-11-06T17:19:30+05:30	INFO	controller/product_controller.go:40	Fetching product by ID
2025-11-06T17:20:12+05:30	INFO	controller/product_controller.go:40	Fetching product by ID
2025-11-06T17:20:12+05:30	INFO	controller/product_controller.go:71	Product fetched succcessfully
2025-11-06T17:20:48+05:30	ERROR	auth/middleware.go:53	Token is invalid or revoked!	{"endpoint": "/products/\n"}
2025-11-06T17:21:23+05:30	INFO	controller/product_controller.go:40	Fetching product by ID
2025-11-06T17:57:27+05:30	ERROR	auth/middleware.go:53	Token is invalid or revoked!	{"endpoint": "/products/1\n"}
2025-11-06T17:58:12+05:30	INFO	controller/product_controller.go:40	Fetching product by ID
2025-11-06T17:58:12+05:30	INFO	controller/product_controller.go:71	Product fetched succcessfully
2025-11-06T17:59:07+05:30	INFO	controller/product_controller.go:40	Fetching product by ID
2025-11-06T17:59:07+05:30	INFO	controller/product_controller.go:71	Product fetched succcessfully
2025-11-06T17:59:18+05:30	INFO	controller/product_controller.go:40	Fetching product by ID
2025-11-06T17:59:18+05:30	INFO	controller/product_controller.go:71	Product fetched succcessfully
2025-11-06T17:59:28+05:30	INFO	controller/product_controller.go:40	Fetching product by ID
2025-11-06T17:59:28+05:30	INFO	controller/product_controller.go:71	Product fetched succcessfully
